Determining if the pthread_create exist failed with the following output:
Change Dir: /home/localadmin/Documents/After_work/Advent2019/CMakeFiles/CMakeTmp

Run Build Command:"/usr/bin/ninja" "cmTC_9da2e"
[1/2] Building C object CMakeFiles/cmTC_9da2e.dir/CheckSymbolExists.c.o
[2/2] Linking C executable cmTC_9da2e
FAILED: : && /usr/bin/gcc     CMakeFiles/cmTC_9da2e.dir/CheckSymbolExists.c.o  -o cmTC_9da2e  -rdynamic && :
CMakeFiles/cmTC_9da2e.dir/CheckSymbolExists.c.o: In function `main':
CheckSymbolExists.c:(.text+0x16): undefined reference to `pthread_create'
collect2: error: ld returned 1 exit status
ninja: build stopped: subcommand failed.

File /home/localadmin/Documents/After_work/Advent2019/CMakeFiles/CMakeTmp/CheckSymbolExists.c:
/* */
#include <pthread.h>

int main(int argc, char** argv)
{
  (void)argv;
#ifndef pthread_create
  return ((int*)(&pthread_create))[argc];
#else
  (void)argc;
  return 0;
#endif
}

Determining if the function pthread_create exists in the pthreads failed with the following output:
Change Dir: /home/localadmin/Documents/After_work/Advent2019/CMakeFiles/CMakeTmp

Run Build Command:"/usr/bin/ninja" "cmTC_76b02"
[1/2] Building C object CMakeFiles/cmTC_76b02.dir/CheckFunctionExists.c.o
[2/2] Linking C executable cmTC_76b02
FAILED: : && /usr/bin/gcc  -DCHECK_FUNCTION_EXISTS=pthread_create   CMakeFiles/cmTC_76b02.dir/CheckFunctionExists.c.o  -o cmTC_76b02  -rdynamic -lpthreads && :
/usr/bin/ld: cannot find -lpthreads
collect2: error: ld returned 1 exit status
ninja: build stopped: subcommand failed.


Determining if the pthread_create exist failed with the following output:
Change Dir: /home/localadmin/Documents/After_work/Advent2019/CMakeFiles/CMakeTmp

Run Build Command:"/usr/bin/ninja" "cmTC_92747"
[1/2] Building C object CMakeFiles/cmTC_92747.dir/CheckSymbolExists.c.o
[2/2] Linking C executable cmTC_92747
FAILED: : && /usr/bin/gcc     CMakeFiles/cmTC_92747.dir/CheckSymbolExists.c.o  -o cmTC_92747  -rdynamic && :
CMakeFiles/cmTC_92747.dir/CheckSymbolExists.c.o: In function `main':
CheckSymbolExists.c:(.text+0x16): undefined reference to `pthread_create'
collect2: error: ld returned 1 exit status
ninja: build stopped: subcommand failed.

File /home/localadmin/Documents/After_work/Advent2019/CMakeFiles/CMakeTmp/CheckSymbolExists.c:
/* */
#include <pthread.h>

int main(int argc, char** argv)
{
  (void)argv;
#ifndef pthread_create
  return ((int*)(&pthread_create))[argc];
#else
  (void)argc;
  return 0;
#endif
}

Determining if the function pthread_create exists in the pthreads failed with the following output:
Change Dir: /home/localadmin/Documents/After_work/Advent2019/CMakeFiles/CMakeTmp

Run Build Command:"/usr/bin/ninja" "cmTC_295cc"
[1/2] Building C object CMakeFiles/cmTC_295cc.dir/CheckFunctionExists.c.o
[2/2] Linking C executable cmTC_295cc
FAILED: : && /usr/bin/gcc  -DCHECK_FUNCTION_EXISTS=pthread_create   CMakeFiles/cmTC_295cc.dir/CheckFunctionExists.c.o  -o cmTC_295cc  -rdynamic -lpthreads && :
/usr/bin/ld: cannot find -lpthreads
collect2: error: ld returned 1 exit status
ninja: build stopped: subcommand failed.


